2019-08-03 02:26:54: undefined
2019-08-03 02:26:54: Pizza #1 received at head chef. Starting process.
2019-08-03 02:26:54: Pizza #1 moving to dough station.
2019-08-03 02:26:54: Dough chef #9001 from station dough starting to work on pizza #1.
2019-08-03 02:26:54: Pizza #2 received at head chef. Starting process.
2019-08-03 02:26:54: Pizza #2 moving to dough station.
2019-08-03 02:26:54: Dough chef #9002 from station dough starting to work on pizza #2.
2019-08-03 02:26:54: Pizza #3 received at head chef. Starting process.
2019-08-03 02:26:54: No free dough. Pizza #3 was put in dough queue.
2019-08-03 02:26:54: Pizza #4 received at head chef. Starting process.
2019-08-03 02:26:54: No free dough. Pizza #4 was put in dough queue.
2019-08-03 02:26:54: Pizza #5 received at head chef. Starting process.
2019-08-03 02:26:54: No free dough. Pizza #5 was put in dough queue.
2019-08-03 02:26:54: Pizza #6 received at head chef. Starting process.
2019-08-03 02:26:54: No free dough. Pizza #6 was put in dough queue.
2019-08-03 02:26:54: Pizza #7 received at head chef. Starting process.
2019-08-03 02:26:54: No free dough. Pizza #7 was put in dough queue.
2019-08-03 02:26:54: Pizza #8 received at head chef. Starting process.
2019-08-03 02:26:54: No free dough. Pizza #8 was put in dough queue.
2019-08-03 02:26:54: Pizza #9 received at head chef. Starting process.
2019-08-03 02:26:54: No free dough. Pizza #9 was put in dough queue.
2019-08-03 02:26:54: Pizza #10 received at head chef. Starting process.
2019-08-03 02:26:54: No free dough. Pizza #10 was put in dough queue.
2019-08-03 02:26:54: Pizza #11 received at head chef. Starting process.
2019-08-03 02:26:54: No free dough. Pizza #11 was put in dough queue.
2019-08-03 02:27:01: Dough chef 9001 finished dough for pizza #1. Moving to next station.
2019-08-03 02:27:01: Pizza #1 pulled from toppings queue and going to that station.
2019-08-03 02:27:01: Dough chef #9001 from station dough starting to work on pizza #3.
2019-08-03 02:27:01: Pizza #1 moving to toppings station.
2019-08-03 02:27:01: Toppings chef #9003 from station toppings starting to work on pizza #1.
2019-08-03 02:27:01: Dough chef 9002 finished dough for pizza #2. Moving to next station.
2019-08-03 02:27:01: Pizza #2 pulled from toppings queue and going to that station.
2019-08-03 02:27:01: Dough chef #9002 from station dough starting to work on pizza #4.
2019-08-03 02:27:01: Pizza #2 moving to toppings station.
2019-08-03 02:27:01: Toppings chef #9004 from station toppings starting to work on pizza #2.
2019-08-03 02:27:05: Toppings chef 9003 finished toppings for pizza #1. Moving to next station.
2019-08-03 02:27:05: Pizza #1 moving to oven station.
2019-08-03 02:27:05: Oven chef #9006 from station oven starting to work on pizza #1.
